2025/09/11 17:51:03 [notice] 1#1: signal 3 (SIGQUIT) received, shutting down
2025/09/11 17:51:03 [notice] 35#35: gracefully shutting down
2025/09/11 17:51:03 [notice] 38#38: gracefully shutting down
2025/09/11 17:51:03 [notice] 35#35: exiting
2025/09/11 17:51:03 [notice] 38#38: exiting
2025/09/11 17:51:03 [notice] 38#38: exit
2025/09/11 17:51:03 [notice] 35#35: exit
2025/09/11 17:51:03 [notice] 36#36: gracefully shutting down
2025/09/11 17:51:03 [notice] 36#36: exiting
2025/09/11 17:51:03 [notice] 36#36: exit
2025/09/11 17:51:03 [notice] 37#37: gracefully shutting down
2025/09/11 17:51:03 [notice] 37#37: exiting
2025/09/11 17:51:03 [notice] 37#37: exit
2025/09/11 17:51:03 [notice] 1#1: signal 17 (SIGCHLD) received from 36
2025/09/11 17:51:03 [notice] 1#1: worker process 36 exited with code 0
2025/09/11 17:51:03 [notice] 1#1: worker process 37 exited with code 0
2025/09/11 17:51:03 [notice] 1#1: signal 29 (SIGIO) received
2025/09/11 17:51:03 [notice] 1#1: signal 17 (SIGCHLD) received from 35
2025/09/11 17:51:03 [notice] 1#1: worker process 35 exited with code 0
2025/09/11 17:51:03 [notice] 1#1: signal 29 (SIGIO) received
2025/09/11 17:51:03 [notice] 1#1: signal 17 (SIGCHLD) received from 38
2025/09/11 17:51:03 [notice] 1#1: worker process 38 exited with code 0
2025/09/11 17:51:03 [notice] 1#1: exit
2025/09/11 17:53:40 [notice] 1#1: using the "epoll" event method
2025/09/11 17:53:40 [notice] 1#1: nginx/1.29.0
2025/09/11 17:53:40 [notice] 1#1: built by gcc 12.2.0 (Debian 12.2.0-14+deb12u1) 
2025/09/11 17:53:40 [notice] 1#1: OS: Linux 5.15.0-139-generic
2025/09/11 17:53:40 [notice] 1#1: getrlimit(RLIMIT_NOFILE): 1048576:1048576
2025/09/11 17:53:40 [notice] 1#1: start worker processes
2025/09/11 17:53:40 [notice] 1#1: start worker process 33
2025/09/11 17:53:40 [notice] 1#1: start worker process 34
2025/09/11 17:53:40 [notice] 1#1: start worker process 35
2025/09/11 17:53:40 [notice] 1#1: start worker process 36
2025/09/11 18:02:57 [notice] 1#1: signal 3 (SIGQUIT) received, shutting down
2025/09/11 18:02:57 [notice] 35#35: gracefully shutting down
2025/09/11 18:02:57 [notice] 33#33: gracefully shutting down
2025/09/11 18:02:57 [notice] 36#36: gracefully shutting down
2025/09/11 18:02:57 [notice] 35#35: exiting
2025/09/11 18:02:57 [notice] 33#33: exiting
2025/09/11 18:02:57 [notice] 36#36: exiting
2025/09/11 18:02:57 [notice] 33#33: exit
2025/09/11 18:02:57 [notice] 35#35: exit
2025/09/11 18:02:57 [notice] 36#36: exit
2025/09/11 18:02:57 [notice] 34#34: gracefully shutting down
2025/09/11 18:02:57 [notice] 34#34: exiting
2025/09/11 18:02:57 [notice] 34#34: exit
2025/09/11 18:02:57 [notice] 1#1: signal 17 (SIGCHLD) received from 33
2025/09/11 18:02:57 [notice] 1#1: worker process 33 exited with code 0
2025/09/11 18:02:57 [notice] 1#1: signal 29 (SIGIO) received
2025/09/11 18:02:57 [notice] 1#1: signal 17 (SIGCHLD) received from 36
2025/09/11 18:02:57 [notice] 1#1: worker process 36 exited with code 0
2025/09/11 18:02:57 [notice] 1#1: signal 29 (SIGIO) received
2025/09/11 18:02:57 [notice] 1#1: signal 17 (SIGCHLD) received from 35
2025/09/11 18:02:57 [notice] 1#1: worker process 35 exited with code 0
2025/09/11 18:02:57 [notice] 1#1: signal 29 (SIGIO) received
2025/09/11 18:02:57 [notice] 1#1: signal 17 (SIGCHLD) received from 34
2025/09/11 18:02:57 [notice] 1#1: worker process 34 exited with code 0
2025/09/11 18:02:57 [notice] 1#1: exit
2025/09/11 18:03:20 [notice] 1#1: using the "epoll" event method
2025/09/11 18:03:20 [notice] 1#1: nginx/1.29.0
2025/09/11 18:03:20 [notice] 1#1: built by gcc 12.2.0 (Debian 12.2.0-14+deb12u1) 
2025/09/11 18:03:20 [notice] 1#1: OS: Linux 5.15.0-139-generic
2025/09/11 18:03:20 [notice] 1#1: getrlimit(RLIMIT_NOFILE): 1048576:1048576
2025/09/11 18:03:20 [notice] 1#1: start worker processes
2025/09/11 18:03:20 [notice] 1#1: start worker process 35
2025/09/11 18:03:20 [notice] 1#1: start worker process 36
2025/09/11 18:03:20 [notice] 1#1: start worker process 37
2025/09/11 18:03:20 [notice] 1#1: start worker process 38
2025/09/11 18:04:38 [notice] 1#1: signal 3 (SIGQUIT) received, shutting down
2025/09/11 18:04:38 [notice] 35#35: gracefully shutting down
2025/09/11 18:04:38 [notice] 37#37: gracefully shutting down
2025/09/11 18:04:38 [notice] 35#35: exiting
2025/09/11 18:04:38 [notice] 37#37: exiting
2025/09/11 18:04:38 [notice] 35#35: exit
2025/09/11 18:04:38 [notice] 37#37: exit
2025/09/11 18:04:38 [notice] 38#38: gracefully shutting down
2025/09/11 18:04:38 [notice] 36#36: gracefully shutting down
2025/09/11 18:04:38 [notice] 38#38: exiting
2025/09/11 18:04:38 [notice] 36#36: exiting
2025/09/11 18:04:38 [notice] 38#38: exit
2025/09/11 18:04:38 [notice] 36#36: exit
2025/09/11 18:04:38 [notice] 1#1: signal 17 (SIGCHLD) received from 38
2025/09/11 18:04:38 [notice] 1#1: worker process 36 exited with code 0
2025/09/11 18:04:38 [notice] 1#1: worker process 38 exited with code 0
2025/09/11 18:04:38 [notice] 1#1: signal 29 (SIGIO) received
2025/09/11 18:04:38 [notice] 1#1: signal 17 (SIGCHLD) received from 37
2025/09/11 18:04:38 [notice] 1#1: worker process 35 exited with code 0
2025/09/11 18:04:38 [notice] 1#1: worker process 37 exited with code 0
2025/09/11 18:04:38 [notice] 1#1: exit
2025/09/11 18:04:53 [notice] 1#1: using the "epoll" event method
2025/09/11 18:04:53 [notice] 1#1: nginx/1.29.0
2025/09/11 18:04:53 [notice] 1#1: built by gcc 12.2.0 (Debian 12.2.0-14+deb12u1) 
2025/09/11 18:04:53 [notice] 1#1: OS: Linux 5.15.0-139-generic
2025/09/11 18:04:53 [notice] 1#1: getrlimit(RLIMIT_NOFILE): 1048576:1048576
2025/09/11 18:04:53 [notice] 1#1: start worker processes
2025/09/11 18:04:53 [notice] 1#1: start worker process 35
2025/09/11 18:04:53 [notice] 1#1: start worker process 36
2025/09/11 18:04:53 [notice] 1#1: start worker process 37
2025/09/11 18:04:53 [notice] 1#1: start worker process 38
2025/09/12 18:36:43 [notice] 1#1: signal 3 (SIGQUIT) received, shutting down
2025/09/12 18:36:43 [notice] 36#36: gracefully shutting down
2025/09/12 18:36:43 [notice] 38#38: gracefully shutting down
2025/09/12 18:36:43 [notice] 36#36: exiting
2025/09/12 18:36:43 [notice] 38#38: exiting
2025/09/12 18:36:43 [notice] 35#35: gracefully shutting down
2025/09/12 18:36:43 [notice] 35#35: exiting
2025/09/12 18:36:43 [notice] 37#37: gracefully shutting down
2025/09/12 18:36:43 [notice] 37#37: exiting
2025/09/12 18:36:43 [notice] 36#36: exit
2025/09/12 18:36:43 [notice] 35#35: exit
2025/09/12 18:36:43 [notice] 38#38: exit
2025/09/12 18:36:43 [notice] 37#37: exit
2025/09/12 18:36:43 [notice] 1#1: signal 17 (SIGCHLD) received from 38
2025/09/12 18:36:43 [notice] 1#1: worker process 38 exited with code 0
2025/09/12 18:36:43 [notice] 1#1: worker process 35 exited with code 0
2025/09/12 18:36:43 [notice] 1#1: worker process 37 exited with code 0
2025/09/12 18:36:43 [notice] 1#1: signal 29 (SIGIO) received
2025/09/12 18:36:43 [notice] 1#1: signal 17 (SIGCHLD) received from 37
2025/09/12 18:36:43 [notice] 1#1: signal 17 (SIGCHLD) received from 36
2025/09/12 18:36:43 [notice] 1#1: worker process 36 exited with code 0
2025/09/12 18:36:43 [notice] 1#1: exit
